0 verbose cli C:\Program Files\nodejs\node.exe C:\Users\hanum\AppData\Roaming\npm\node_modules\npm\bin\npm-cli.js
1 info using npm@11.1.0
2 info using node@v22.12.0
3 silly config load:file:C:\Users\hanum\AppData\Roaming\npm\node_modules\npm\npmrc
4 silly config load:file:C:\Users\hanum\OneDrive\Desktop\recruitment\.npmrc
5 silly config load:file:C:\Users\hanum\.npmrc
6 silly config load:file:C:\Users\hanum\AppData\Roaming\npm\etc\npmrc
7 verbose title npm install class-validator class-transformer
8 verbose argv "install" "class-validator" "class-transformer"
9 verbose logfile logs-max:10 dir:C:\Users\hanum\OneDrive\Desktop\recruitment\UsershanumAppDataRoamingnpm-cache\_logs\2025-02-13T15_33_18_422Z-
10 verbose logfile C:\Users\hanum\OneDrive\Desktop\recruitment\UsershanumAppDataRoamingnpm-cache\_logs\2025-02-13T15_33_18_422Z-debug-0.log
11 silly logfile start cleaning logs, removing 1 files
12 silly packumentCache heap:2197815296 maxSize:549453824 maxEntrySize:274726912
13 silly logfile done cleaning log files
14 silly idealTree buildDeps
15 silly fetch manifest class-transformer@^0.5.1
16 silly packumentCache full:https://registry.npmjs.org/class-transformer cache-miss
17 http fetch GET 200 https://registry.npmjs.org/class-transformer 365ms (cache miss)
18 silly packumentCache full:https://registry.npmjs.org/class-transformer set size:undefined disposed:false
19 silly fetch manifest class-validator@^0.14.1
20 silly packumentCache full:https://registry.npmjs.org/class-validator cache-miss
21 http fetch GET 200 https://registry.npmjs.org/class-validator 93ms (cache miss)
22 silly packumentCache full:https://registry.npmjs.org/class-validator set size:undefined disposed:false
23 silly placeDep ROOT class-transformer@0.5.1 REPLACE for: recruitment-platform@1.0.0 want: ^0.5.1
24 silly placeDep ROOT class-validator@0.14.1 REPLACE for: recruitment-platform@1.0.0 want: ^0.14.1
25 silly reify moves {}
26 silly audit bulk request {
26 silly audit   '@ampproject/remapping': [ '2.3.0' ],
26 silly audit   '@aws-crypto/crc32': [ '5.2.0' ],
26 silly audit   '@aws-crypto/crc32c': [ '5.2.0' ],
26 silly audit   '@aws-crypto/sha1-browser': [ '5.2.0' ],
26 silly audit   '@smithy/is-array-buffer': [ '2.2.0', '4.0.0' ],
26 silly audit   '@smithy/util-buffer-from': [ '2.2.0', '4.0.0' ],
26 silly audit   '@smithy/util-utf8': [ '2.3.0', '4.0.0' ],
26 silly audit   '@aws-crypto/sha256-browser': [ '5.2.0' ],
26 silly audit   '@aws-crypto/sha256-js': [ '5.2.0' ],
26 silly audit   '@aws-crypto/supports-web-crypto': [ '5.2.0' ],
26 silly audit   '@aws-crypto/util': [ '5.2.0' ],
26 silly audit   '@aws-sdk/client-s3': [ '3.744.0' ],
26 silly audit   '@aws-sdk/client-sso': [ '3.744.0' ],
26 silly audit   '@aws-sdk/core': [ '3.744.0' ],
26 silly audit   '@aws-sdk/credential-provider-env': [ '3.744.0' ],
26 silly audit   '@aws-sdk/credential-provider-http': [ '3.744.0' ],
26 silly audit   '@aws-sdk/credential-provider-ini': [ '3.744.0' ],
26 silly audit   '@aws-sdk/credential-provider-node': [ '3.744.0' ],
26 silly audit   '@aws-sdk/credential-provider-process': [ '3.744.0' ],
26 silly audit   '@aws-sdk/credential-provider-sso': [ '3.744.0' ],
26 silly audit   '@aws-sdk/credential-provider-web-identity': [ '3.744.0' ],
26 silly audit   '@aws-sdk/middleware-bucket-endpoint': [ '3.734.0' ],
26 silly audit   '@aws-sdk/middleware-expect-continue': [ '3.734.0' ],
26 silly audit   '@aws-sdk/middleware-flexible-checksums': [ '3.744.0' ],
26 silly audit   '@aws-sdk/middleware-host-header': [ '3.734.0' ],
26 silly audit   '@aws-sdk/middleware-location-constraint': [ '3.734.0' ],
26 silly audit   '@aws-sdk/middleware-logger': [ '3.734.0' ],
26 silly audit   '@aws-sdk/middleware-recursion-detection': [ '3.734.0' ],
26 silly audit   '@aws-sdk/middleware-sdk-s3': [ '3.744.0' ],
26 silly audit   '@aws-sdk/middleware-ssec': [ '3.734.0' ],
26 silly audit   '@aws-sdk/middleware-user-agent': [ '3.744.0' ],
26 silly audit   '@aws-sdk/nested-clients': [ '3.744.0' ],
26 silly audit   '@aws-sdk/region-config-resolver': [ '3.734.0' ],
26 silly audit   '@aws-sdk/signature-v4-multi-region': [ '3.744.0' ],
26 silly audit   '@aws-sdk/token-providers': [ '3.744.0' ],
26 silly audit   '@aws-sdk/types': [ '3.734.0' ],
26 silly audit   '@aws-sdk/util-arn-parser': [ '3.723.0' ],
26 silly audit   '@aws-sdk/util-endpoints': [ '3.743.0' ],
26 silly audit   '@aws-sdk/util-locate-window': [ '3.723.0' ],
26 silly audit   '@aws-sdk/util-user-agent-browser': [ '3.734.0' ],
26 silly audit   '@aws-sdk/util-user-agent-node': [ '3.744.0' ],
26 silly audit   '@aws-sdk/xml-builder': [ '3.734.0' ],
26 silly audit   '@babel/code-frame': [ '7.26.2' ],
26 silly audit   '@babel/compat-data': [ '7.26.8' ],
26 silly audit   '@babel/core': [ '7.26.8' ],
26 silly audit   debug: [ '4.4.0', '2.6.9', '4.3.6' ],
26 silly audit   ms: [ '2.1.3', '2.1.2', '2.0.0' ],
26 silly audit   semver: [ '6.3.1', '7.7.1' ],
26 silly audit   '@babel/generator': [ '7.26.8' ],
26 silly audit   '@babel/helper-compilation-targets': [ '7.26.5' ],
26 silly audit   '@babel/helper-module-imports': [ '7.25.9' ],
26 silly audit   '@babel/helper-module-transforms': [ '7.26.0' ],
26 silly audit   '@babel/helper-plugin-utils': [ '7.26.5' ],
26 silly audit   '@babel/helper-string-parser': [ '7.25.9' ],
26 silly audit   '@babel/helper-validator-identifier': [ '7.25.9' ],
26 silly audit   '@babel/helper-validator-option': [ '7.25.9' ],
26 silly audit   '@babel/helpers': [ '7.26.7' ],
26 silly audit   '@babel/parser': [ '7.26.8' ],
26 silly audit   '@babel/plugin-syntax-async-generators': [ '7.8.4' ],
26 silly audit   '@babel/plugin-syntax-bigint': [ '7.8.3' ],
26 silly audit   '@babel/plugin-syntax-class-properties': [ '7.12.13' ],
26 silly audit   '@babel/plugin-syntax-class-static-block': [ '7.14.5' ],
26 silly audit   '@babel/plugin-syntax-import-attributes': [ '7.26.0' ],
26 silly audit   '@babel/plugin-syntax-import-meta': [ '7.10.4' ],
26 silly audit   '@babel/plugin-syntax-json-strings': [ '7.8.3' ],
26 silly audit   '@babel/plugin-syntax-jsx': [ '7.25.9' ],
26 silly audit   '@babel/plugin-syntax-logical-assignment-operators': [ '7.10.4' ],
26 silly audit   '@babel/plugin-syntax-nullish-coalescing-operator': [ '7.8.3' ],
26 silly audit   '@babel/plugin-syntax-numeric-separator': [ '7.10.4' ],
26 silly audit   '@babel/plugin-syntax-object-rest-spread': [ '7.8.3' ],
26 silly audit   '@babel/plugin-syntax-optional-catch-binding': [ '7.8.3' ],
26 silly audit   '@babel/plugin-syntax-optional-chaining': [ '7.8.3' ],
26 silly audit   '@babel/plugin-syntax-private-property-in-object': [ '7.14.5' ],
26 silly audit   '@babel/plugin-syntax-top-level-await': [ '7.14.5' ],
26 silly audit   '@babel/plugin-syntax-typescript': [ '7.25.9' ],
26 silly audit   '@babel/template': [ '7.26.8' ],
26 silly audit   '@babel/traverse': [ '7.26.8' ],
26 silly audit   globals: [ '11.12.0', '14.0.0' ],
26 silly audit   '@babel/types': [ '7.26.8' ],
26 silly audit   '@bcoe/v8-coverage': [ '0.2.3' ],
26 silly audit   '@cspotcode/source-map-support': [ '0.8.1' ],
26 silly audit   '@jridgewell/trace-mapping': [ '0.3.9', '0.3.25' ],
26 silly audit   '@eslint-community/eslint-utils': [ '4.4.1' ],
26 silly audit   '@eslint-community/regexpp': [ '4.12.1' ],
26 silly audit   '@eslint/config-array': [ '0.19.2' ],
26 silly audit   '@eslint/core': [ '0.11.0', '0.10.0' ],
26 silly audit   '@eslint/eslintrc': [ '3.2.0' ],
26 silly audit   '@eslint/js': [ '9.20.0' ],
26 silly audit   '@eslint/object-schema': [ '2.1.6' ],
26 silly audit   '@eslint/plugin-kit': [ '0.2.5' ],
26 silly audit   '@fast-csv/format': [ '4.3.5' ],
26 silly audit   '@types/node': [ '14.18.63', '22.13.1' ],
26 silly audit   '@fast-csv/parse': [ '4.3.6' ],
26 silly audit   '@hapi/hoek': [ '9.3.0' ],
26 silly audit   '@hapi/topo': [ '5.1.0' ],
26 silly audit   '@humanfs/core': [ '0.19.1' ],
26 silly audit   '@humanfs/node': [ '0.16.6' ],
26 silly audit   '@humanwhocodes/retry': [ '0.3.1', '0.4.1' ],
26 silly audit   '@humanwhocodes/module-importer': [ '1.0.1' ],
26 silly audit   '@ioredis/commands': [ '1.2.0' ],
26 silly audit   '@istanbuljs/load-nyc-config': [ '1.1.0' ],
26 silly audit   argparse: [ '1.0.10', '2.0.1' ],
26 silly audit   'find-up': [ '4.1.0', '5.0.0' ],
26 silly audit   'js-yaml': [ '3.14.1', '4.1.0' ],
26 silly audit   'locate-path': [ '5.0.0', '6.0.0' ],
26 silly audit   'p-limit': [ '2.3.0', '3.1.0' ],
26 silly audit   'p-locate': [ '4.1.0', '5.0.0' ],
26 silly audit   'resolve-from': [ '5.0.0', '4.0.0' ],
26 silly audit   '@istanbuljs/schema': [ '0.1.3' ],
26 silly audit   '@jest/console': [ '29.7.0' ],
26 silly audit   '@jest/core': [ '29.7.0' ],
26 silly audit   '@jest/environment': [ '29.7.0' ],
26 silly audit   '@jest/expect': [ '29.7.0' ],
26 silly audit   '@jest/expect-utils': [ '29.7.0' ],
26 silly audit   '@jest/fake-timers': [ '29.7.0' ],
26 silly audit   '@jest/globals': [ '29.7.0' ],
26 silly audit   '@jest/reporters': [ '29.7.0' ],
26 silly audit   '@jest/schemas': [ '29.6.3' ],
26 silly audit   '@jest/source-map': [ '29.6.3' ],
26 silly audit   '@jest/test-result': [ '29.7.0' ],
26 silly audit   '@jest/test-sequencer': [ '29.7.0' ],
26 silly audit   '@jest/transform': [ '29.7.0' ],
26 silly audit   '@jest/types': [ '29.6.3' ],
26 silly audit   '@jridgewell/gen-mapping': [ '0.3.8' ],
26 silly audit   '@jridgewell/resolve-uri': [ '3.1.2' ],
26 silly audit   '@jridgewell/set-array': [ '1.2.1' ],
26 silly audit   '@jridgewell/sourcemap-codec': [ '1.5.0' ],
26 silly audit   '@lukeed/csprng': [ '1.1.0' ],
26 silly audit   '@mapbox/node-pre-gyp': [ '1.0.11' ],
26 silly audit   '@microsoft/tsdoc': [ '0.15.0' ],
26 silly audit   '@mongodb-js/saslprep': [ '1.2.0' ],
26 silly audit   '@msgpackr-extract/msgpackr-extract-darwin-arm64': [ '3.0.3' ],
26 silly audit   '@msgpackr-extract/msgpackr-extract-darwin-x64': [ '3.0.3' ],
26 silly audit   '@msgpackr-extract/msgpackr-extract-linux-arm': [ '3.0.3' ],
26 silly audit   '@msgpackr-extract/msgpackr-extract-linux-arm64': [ '3.0.3' ],
26 silly audit   '@msgpackr-extract/msgpackr-extract-linux-x64': [ '3.0.3' ],
26 silly audit   '@msgpackr-extract/msgpackr-extract-win32-x64': [ '3.0.3' ],
26 silly audit   '@nestjs/bull': [ '11.0.2' ],
26 silly audit   '@nestjs/bull-shared': [ '11.0.2' ],
26 silly audit   '@nestjs/common': [ '11.0.9' ],
26 silly audit   '@nestjs/config': [ '4.0.0' ],
26 silly audit   '@nestjs/core': [ '11.0.9' ],
26 silly audit   '@nestjs/jwt': [ '11.0.0' ],
26 silly audit   '@nestjs/mapped-types': [ '2.1.0' ],
26 silly audit   '@nestjs/mongoose': [ '11.0.1' ],
26 silly audit   '@nestjs/passport': [ '11.0.5' ],
26 silly audit   '@nestjs/platform-express': [ '11.0.9' ],
26 silly audit   '@nestjs/swagger': [ '11.0.3' ],
26 silly audit   '@nodelib/fs.scandir': [ '2.1.5' ],
26 silly audit   '@nodelib/fs.stat': [ '2.0.5' ],
26 silly audit   '@nodelib/fs.walk': [ '1.2.8' ],
26 silly audit   '@nuxt/opencollective': [ '0.4.1' ],
26 silly audit   '@scarf/scarf': [ '1.4.0' ],
26 silly audit   '@sideway/address': [ '4.1.5' ],
26 silly audit   '@sideway/formula': [ '3.0.1' ],
26 silly audit   '@sideway/pinpoint': [ '2.0.0' ],
26 silly audit   '@sinclair/typebox': [ '0.27.8' ],
26 silly audit   '@sinonjs/commons': [ '3.0.1' ],
26 silly audit   '@sinonjs/fake-timers': [ '10.3.0' ],
26 silly audit   '@smithy/abort-controller': [ '4.0.1' ],
26 silly audit   '@smithy/chunked-blob-reader': [ '5.0.0' ],
26 silly audit   '@smithy/chunked-blob-reader-native': [ '4.0.0' ],
26 silly audit   '@smithy/config-resolver': [ '4.0.1' ],
26 silly audit   '@smithy/core': [ '3.1.2' ],
26 silly audit   '@smithy/credential-provider-imds': [ '4.0.1' ],
26 silly audit   '@smithy/eventstream-codec': [ '4.0.1' ],
26 silly audit   '@smithy/eventstream-serde-browser': [ '4.0.1' ],
26 silly audit   '@smithy/eventstream-serde-config-resolver': [ '4.0.1' ],
26 silly audit   '@smithy/eventstream-serde-node': [ '4.0.1' ],
26 silly audit   '@smithy/eventstream-serde-universal': [ '4.0.1' ],
26 silly audit   '@smithy/fetch-http-handler': [ '5.0.1' ],
26 silly audit   '@smithy/hash-blob-browser': [ '4.0.1' ],
26 silly audit   '@smithy/hash-node': [ '4.0.1' ],
26 silly audit   '@smithy/hash-stream-node': [ '4.0.1' ],
26 silly audit   '@smithy/invalid-dependency': [ '4.0.1' ],
26 silly audit   '@smithy/md5-js': [ '4.0.1' ],
26 silly audit   '@smithy/middleware-content-length': [ '4.0.1' ],
26 silly audit   '@smithy/middleware-endpoint': [ '4.0.3' ],
26 silly audit   '@smithy/middleware-retry': [ '4.0.4' ],
26 silly audit   '@smithy/middleware-serde': [ '4.0.2' ],
26 silly audit   '@smithy/middleware-stack': [ '4.0.1' ],
26 silly audit   '@smithy/node-config-provider': [ '4.0.1' ],
26 silly audit   '@smithy/node-http-handler': [ '4.0.2' ],
26 silly audit   '@smithy/property-provider': [ '4.0.1' ],
26 silly audit   '@smithy/protocol-http': [ '5.0.1' ],
26 silly audit   '@smithy/querystring-builder': [ '4.0.1' ],
26 silly audit   '@smithy/querystring-parser': [ '4.0.1' ],
26 silly audit   '@smithy/service-error-classification': [ '4.0.1' ],
26 silly audit   '@smithy/shared-ini-file-loader': [ '4.0.1' ],
26 silly audit   '@smithy/signature-v4': [ '5.0.1' ],
26 silly audit   '@smithy/smithy-client': [ '4.1.3' ],
26 silly audit   '@smithy/types': [ '4.1.0' ],
26 silly audit   '@smithy/url-parser': [ '4.0.1' ],
26 silly audit   '@smithy/util-base64': [ '4.0.0' ],
26 silly audit   '@smithy/util-body-length-browser': [ '4.0.0' ],
26 silly audit   '@smithy/util-body-length-node': [ '4.0.0' ],
26 silly audit   '@smithy/util-config-provider': [ '4.0.0' ],
26 silly audit   '@smithy/util-defaults-mode-browser': [ '4.0.4' ],
26 silly audit   '@smithy/util-defaults-mode-node': [ '4.0.4' ],
26 silly audit   '@smithy/util-endpoints': [ '3.0.1' ],
26 silly audit   '@smithy/util-hex-encoding': [ '4.0.0' ],
26 silly audit   '@smithy/util-middleware': [ '4.0.1' ],
26 silly audit   '@smithy/util-retry': [ '4.0.1' ],
26 silly audit   '@smithy/util-stream': [ '4.0.2' ],
26 silly audit   '@smithy/util-uri-escape': [ '4.0.0' ],
26 silly audit   '@smithy/util-waiter': [ '4.0.2' ],
26 silly audit   '@swc/helpers': [ '0.5.15' ],
26 silly audit   '@tsconfig/node10': [ '1.0.11' ],
26 silly audit   '@tsconfig/node12': [ '1.0.11' ],
26 silly audit   '@tsconfig/node14': [ '1.0.3' ],
26 silly audit   '@tsconfig/node16': [ '1.0.4' ],
26 silly audit   '@types/babel__core': [ '7.20.5' ],
26 silly audit   '@types/babel__generator': [ '7.6.8' ],
26 silly audit   '@types/babel__template': [ '7.4.4' ],
26 silly audit   '@types/babel__traverse': [ '7.20.6' ],
26 silly audit   '@types/bcrypt': [ '5.0.2' ],
26 silly audit   '@types/body-parser': [ '1.19.5' ],
26 silly audit   '@types/bull': [ '3.15.9' ],
26 silly audit   '@types/compression': [ '1.7.5' ],
26 silly audit   '@types/connect': [ '3.4.38' ],
26 silly audit   '@types/cors': [ '2.8.17' ],
26 silly audit   '@types/estree': [ '1.0.6' ],
26 silly audit   '@types/express': [ '5.0.0' ],
26 silly audit   '@types/express-serve-static-core': [ '5.0.6' ],
26 silly audit   '@types/gensync': [ '1.0.4' ],
26 silly audit   '@types/graceful-fs': [ '4.1.9' ],
26 silly audit   '@types/handlebars': [ '4.0.40' ],
26 silly audit   '@types/helmet': [ '0.0.48' ],
26 silly audit   '@types/http-errors': [ '2.0.4' ],
26 silly audit   '@types/ioredis': [ '4.28.10' ],
26 silly audit   '@types/istanbul-lib-coverage': [ '2.0.6' ],
26 silly audit   '@types/istanbul-lib-report': [ '3.0.3' ],
26 silly audit   '@types/istanbul-reports': [ '3.0.4' ],
26 silly audit   '@types/jest': [ '29.5.14' ],
26 silly audit   '@types/json-schema': [ '7.0.15' ],
26 silly audit   '@types/jsonwebtoken': [ '9.0.7' ],
26 silly audit   '@types/mime': [ '1.3.5' ],
26 silly audit   '@types/multer': [ '1.4.12' ],
26 silly audit   '@types/nodemailer': [ '6.4.17' ],
26 silly audit   '@types/pdfkit': [ '0.13.9' ],
26 silly audit   '@types/qs': [ '6.9.18' ],
26 silly audit   '@types/range-parser': [ '1.2.7' ],
26 silly audit   '@types/redis': [ '2.8.32' ],
26 silly audit   '@types/sanitize-html': [ '2.13.0' ],
26 silly audit   '@types/send': [ '0.17.4' ],
26 silly audit   '@types/serve-static': [ '1.15.7' ],
26 silly audit   '@types/stack-utils': [ '2.0.3' ],
26 silly audit   '@types/strip-bom': [ '3.0.0' ],
26 silly audit   '@types/strip-json-comments': [ '0.0.30' ],
26 silly audit   '@types/validator': [ '13.12.2' ],
26 silly audit   '@types/webidl-conversions': [ '7.0.3' ],
26 silly audit   '@types/whatwg-url': [ '11.0.5' ],
26 silly audit   '@types/yargs': [ '17.0.33' ],
26 silly audit   '@types/yargs-parser': [ '21.0.3' ],
26 silly audit   '@typescript-eslint/eslint-plugin': [ '8.24.0' ],
26 silly audit   '@typescript-eslint/parser': [ '8.24.0' ],
26 silly audit   '@typescript-eslint/scope-manager': [ '8.24.0' ],
26 silly audit   '@typescript-eslint/type-utils': [ '8.24.0' ],
26 silly audit   '@typescript-eslint/types': [ '8.24.0' ],
26 silly audit   '@typescript-eslint/typescript-estree': [ '8.24.0' ],
26 silly audit   'brace-expansion': [ '2.0.1', '1.1.11' ],
26 silly audit   minimatch: [ '9.0.5', '5.1.6', '3.1.2' ],
26 silly audit   '@typescript-eslint/utils': [ '8.24.0' ],
26 silly audit   '@typescript-eslint/visitor-keys': [ '8.24.0' ],
26 silly audit   'eslint-visitor-keys': [ '4.2.0', '3.4.3' ],
26 silly audit   abbrev: [ '1.1.1' ],
26 silly audit   accepts: [ '2.0.0' ],
26 silly audit   negotiator: [ '1.0.0', '0.6.4' ],
26 silly audit   acorn: [ '8.14.0' ],
26 silly audit   'acorn-jsx': [ '5.3.2' ],
26 silly audit   'acorn-walk': [ '8.3.4' ],
26 silly audit   'agent-base': [ '6.0.2' ],
26 silly audit   ajv: [ '6.12.6' ],
26 silly audit   'ansi-escapes': [ '4.3.2' ],
26 silly audit   'ansi-regex': [ '5.0.1' ],
26 silly audit   'ansi-styles': [ '4.3.0', '5.2.0' ],
26 silly audit   anymatch: [ '3.1.3' ],
26 silly audit   'append-field': [ '1.0.0' ],
26 silly audit   aproba: [ '2.0.0' ],
26 silly audit   archiver: [ '5.3.2' ],
26 silly audit   'archiver-utils': [ '2.1.0', '3.0.4' ],
26 silly audit   'readable-stream': [ '2.3.8', '3.6.2' ],
26 silly audit   'safe-buffer': [ '5.1.2', '5.2.1' ],
26 silly audit   string_decoder: [ '1.1.1', '1.3.0' ],
26 silly audit   'are-we-there-yet': [ '2.0.0' ],
26 silly audit   arg: [ '4.1.3' ],
26 silly audit   async: [ '3.2.6' ],
26 silly audit   'babel-jest': [ '29.7.0' ],
26 silly audit   'babel-plugin-istanbul': [ '6.1.1' ],
26 silly audit   'istanbul-lib-instrument': [ '5.2.1', '6.0.3' ],
26 silly audit   'babel-plugin-jest-hoist': [ '29.6.3' ],
26 silly audit   'babel-preset-current-node-syntax': [ '1.1.0' ],
26 silly audit   'babel-preset-jest': [ '29.6.3' ],
26 silly audit   'balanced-match': [ '1.0.2' ],
26 silly audit   'base64-js': [ '1.5.1', '0.0.8' ],
26 silly audit   bcrypt: [ '5.1.1' ],
26 silly audit   'big-integer': [ '1.6.52' ],
26 silly audit   binary: [ '0.3.0' ],
26 silly audit   'binary-extensions': [ '2.3.0' ],
26 silly audit   bl: [ '4.1.0' ],
26 silly audit   bluebird: [ '3.4.7' ],
26 silly audit   'body-parser': [ '2.1.0' ],
26 silly audit   qs: [ '6.14.0', '6.13.0' ],
26 silly audit   bowser: [ '2.11.0' ],
26 silly audit   braces: [ '3.0.3' ],
26 silly audit   brotli: [ '1.3.3' ],
26 silly audit   browserslist: [ '4.24.4' ],
26 silly audit   'bs-logger': [ '0.2.6' ],
26 silly audit   bser: [ '2.1.1' ],
26 silly audit   bson: [ '6.10.2' ],
26 silly audit   buffer: [ '5.7.1' ],
26 silly audit   'buffer-crc32': [ '0.2.13' ],
26 silly audit   'buffer-equal-constant-time': [ '1.0.1' ],
26 silly audit   'buffer-from': [ '1.1.2' ],
26 silly audit   'buffer-indexof-polyfill': [ '1.0.2' ],
26 silly audit   buffers: [ '0.1.1' ],
26 silly audit   bull: [ '4.16.5' ],
26 silly audit   uuid: [ '8.3.2', '9.0.1' ],
26 silly audit   busboy: [ '1.6.0' ],
26 silly audit   bytes: [ '3.1.2' ],
26 silly audit   'call-bind-apply-helpers': [ '1.0.1' ],
26 silly audit   'call-bound': [ '1.0.3' ],
26 silly audit   callsites: [ '3.1.0' ],
26 silly audit   camelcase: [ '5.3.1', '6.3.0' ],
26 silly audit   'caniuse-lite': [ '1.0.30001699' ],
26 silly audit   chainsaw: [ '0.1.0' ],
26 silly audit   chalk: [ '4.1.2' ],
26 silly audit   'char-regex': [ '1.0.2' ],
26 silly audit   chokidar: [ '3.6.0' ],
26 silly audit   'glob-parent': [ '5.1.2', '6.0.2' ],
26 silly audit   chownr: [ '2.0.0' ],
26 silly audit   'ci-info': [ '3.9.0' ],
26 silly audit   'cjs-module-lexer': [ '1.4.3' ],
26 silly audit   cliui: [ '8.0.1' ],
26 silly audit   clone: [ '2.1.2' ],
26 silly audit   'cluster-key-slot': [ '1.1.2' ],
26 silly audit   co: [ '4.6.0' ],
26 silly audit   'collect-v8-coverage': [ '1.0.2' ],
26 silly audit   'color-convert': [ '2.0.1' ],
26 silly audit   'color-name': [ '1.1.4' ],
26 silly audit   'color-support': [ '1.1.3' ],
26 silly audit   'compress-commons': [ '4.1.2' ],
26 silly audit   compressible: [ '2.0.18' ],
26 silly audit   compression: [ '1.8.0' ],
26 silly audit   'concat-map': [ '0.0.1' ],
26 silly audit   'concat-stream': [ '1.6.2' ],
26 silly audit   consola: [ '3.4.0' ],
26 silly audit   'console-control-strings': [ '1.1.0' ],
26 silly audit   'content-disposition': [ '1.0.0' ],
26 silly audit   'content-type': [ '1.0.5' ],
26 silly audit   'convert-source-map': [ '2.0.0' ],
26 silly audit   cookie: [ '0.7.1' ],
26 silly audit   'cookie-signature': [ '1.2.2' ],
26 silly audit   'core-util-is': [ '1.0.3' ],
26 silly audit   cors: [ '2.8.5' ],
26 silly audit   'crc-32': [ '1.2.2' ],
26 silly audit   'crc32-stream': [ '4.0.3' ],
26 silly audit   'create-jest': [ '29.7.0' ],
26 silly audit   'create-require': [ '1.1.1' ],
26 silly audit   'cron-parser': [ '4.9.0' ],
26 silly audit   'cross-spawn': [ '7.0.6' ],
26 silly audit   'crypto-js': [ '4.2.0' ],
26 silly audit   'date-fns': [ '4.1.0' ],
26 silly audit   dayjs: [ '1.11.13' ],
26 silly audit   dedent: [ '1.5.3' ],
26 silly audit   'deep-is': [ '0.1.4' ],
26 silly audit   deepmerge: [ '4.3.1' ],
26 silly audit   delegates: [ '1.0.0' ],
26 silly audit   denque: [ '2.1.0' ],
26 silly audit   depd: [ '2.0.0' ],
26 silly audit   destroy: [ '1.2.0' ],
26 silly audit   'detect-libc': [ '2.0.3' ],
26 silly audit   'detect-newline': [ '3.1.0' ],
26 silly audit   'detect-node': [ '2.1.0' ],
26 silly audit   dfa: [ '1.2.0' ],
26 silly audit   diff: [ '4.0.2' ],
26 silly audit   'diff-sequences': [ '29.6.3' ],
26 silly audit   'dom-serializer': [ '2.0.0' ],
26 silly audit   domelementtype: [ '2.3.0' ],
26 silly audit   domhandler: [ '5.0.3' ],
26 silly audit   domutils: [ '3.2.2' ],
26 silly audit   dotenv: [ '16.4.7' ],
26 silly audit   'dotenv-expand': [ '12.0.1' ],
26 silly audit   'dunder-proto': [ '1.0.1' ],
26 silly audit   duplexer2: [ '0.1.4' ],
26 silly audit   'dynamic-dedupe': [ '0.3.0' ],
26 silly audit   'ecdsa-sig-formatter': [ '1.0.11' ],
26 silly audit   'ee-first': [ '1.1.1' ],
26 silly audit   ejs: [ '3.1.10' ],
26 silly audit   'electron-to-chromium': [ '1.5.97' ],
26 silly audit   'email-validator': [ '2.0.4' ],
26 silly audit   emittery: [ '0.13.1' ],
26 silly audit   'emoji-regex': [ '8.0.0' ],
26 silly audit   encodeurl: [ '2.0.0', '1.0.2' ],
26 silly audit   'end-of-stream': [ '1.4.4' ],
26 silly audit   entities: [ '4.5.0' ],
26 silly audit   'error-ex': [ '1.3.2' ],
26 silly audit   'es-define-property': [ '1.0.1' ],
26 silly audit   'es-errors': [ '1.3.0' ],
26 silly audit   'es-object-atoms': [ '1.1.1' ],
26 silly audit   escalade: [ '3.2.0' ],
26 silly audit   'escape-html': [ '1.0.3' ],
26 silly audit   'escape-string-regexp': [ '4.0.0', '2.0.0' ],
26 silly audit   eslint: [ '9.20.1' ],
26 silly audit   'eslint-scope': [ '8.2.0' ],
26 silly audit   espree: [ '10.3.0' ],
26 silly audit   esprima: [ '4.0.1' ],
26 silly audit   esquery: [ '1.6.0' ],
26 silly audit   esrecurse: [ '4.3.0' ],
26 silly audit   estraverse: [ '5.3.0' ],
26 silly audit   esutils: [ '2.0.3' ],
26 silly audit   etag: [ '1.8.1' ],
26 silly audit   exceljs: [ '4.4.0' ],
26 silly audit   execa: [ '5.1.1' ],
26 silly audit   exit: [ '0.1.2' ],
26 silly audit   expect: [ '29.7.0' ],
26 silly audit   express: [ '5.0.1' ],
26 silly audit   'fast-csv': [ '4.3.6' ],
26 silly audit   'fast-deep-equal': [ '3.1.3' ],
26 silly audit   'fast-glob': [ '3.3.3' ],
26 silly audit   'fast-json-stable-stringify': [ '2.1.0' ],
26 silly audit   'fast-levenshtein': [ '2.0.6' ],
26 silly audit   'fast-safe-stringify': [ '2.1.1' ],
26 silly audit   'fast-xml-parser': [ '4.4.1' ],
26 silly audit   fastq: [ '1.19.0' ],
26 silly audit   'fb-watchman': [ '2.0.2' ],
26 silly audit   'file-entry-cache': [ '8.0.0' ],
26 silly audit   filelist: [ '1.0.4' ],
26 silly audit   'fill-range': [ '7.1.1' ],
26 silly audit   finalhandler: [ '2.0.0' ],
26 silly audit   'flat-cache': [ '4.0.1' ],
26 silly audit   flatted: [ '3.3.2' ],
26 silly audit   fontkit: [ '2.0.4' ],
26 silly audit   forwarded: [ '0.2.0' ],
26 silly audit   fresh: [ '2.0.0', '0.5.2' ],
26 silly audit   'fs-constants': [ '1.0.0' ],
26 silly audit   'fs-minipass': [ '2.1.0' ],
26 silly audit   minipass: [ '3.3.6', '5.0.0' ],
26 silly audit   'fs.realpath': [ '1.0.0' ],
26 silly audit   fsevents: [ '2.3.3' ],
26 silly audit   fstream: [ '1.0.12' ],
26 silly audit   rimraf: [ '2.7.1', '3.0.2' ],
26 silly audit   'function-bind': [ '1.1.2' ],
26 silly audit   gauge: [ '3.0.2' ],
26 silly audit   gensync: [ '1.0.0-beta.2' ],
26 silly audit   'get-caller-file': [ '2.0.5' ],
26 silly audit   'get-intrinsic': [ '1.2.7' ],
26 silly audit   'get-package-type': [ '0.1.0' ],
26 silly audit   'get-port': [ '5.1.1' ],
26 silly audit   'get-proto': [ '1.0.1' ],
26 silly audit   'get-stream': [ '6.0.1' ],
26 silly audit   glob: [ '7.2.3' ],
26 silly audit   gopd: [ '1.2.0' ],
26 silly audit   'graceful-fs': [ '4.2.11' ],
26 silly audit   graphemer: [ '1.4.0' ],
26 silly audit   handlebars: [ '4.7.8' ],
26 silly audit   'has-flag': [ '4.0.0', '3.0.0' ],
26 silly audit   'has-symbols': [ '1.1.0' ],
26 silly audit   'has-unicode': [ '2.0.1' ],
26 silly audit   hasown: [ '2.0.2' ],
26 silly audit   helmet: [ '8.0.0' ],
26 silly audit   'html-escaper': [ '2.0.2' ],
26 silly audit   htmlparser2: [ '8.0.2' ],
26 silly audit   'http-errors': [ '2.0.0' ],
26 silly audit   'https-proxy-agent': [ '5.0.1' ],
26 silly audit   'human-signals': [ '2.1.0' ],
26 silly audit   'iconv-lite': [ '0.5.2', '0.6.3' ],
26 silly audit   ieee754: [ '1.2.1' ],
26 silly audit   ignore: [ '5.3.2' ],
26 silly audit   'ignore-by-default': [ '1.0.1' ],
26 silly audit   immediate: [ '3.0.6' ],
26 silly audit   'import-fresh': [ '3.3.1' ],
26 silly audit   'import-local': [ '3.2.0' ],
26 silly audit   imurmurhash: [ '0.1.4' ],
26 silly audit   inflight: [ '1.0.6' ],
26 silly audit   inherits: [ '2.0.4', '2.0.3' ],
26 silly audit   ioredis: [ '5.5.0' ],
26 silly audit   'ipaddr.js': [ '1.9.1' ],
26 silly audit   'is-arrayish': [ '0.2.1' ],
26 silly audit   'is-binary-path': [ '2.1.0' ],
26 silly audit   'is-core-module': [ '2.16.1' ],
26 silly audit   'is-extglob': [ '2.1.1' ],
26 silly audit   'is-fullwidth-code-point': [ '3.0.0' ],
26 silly audit   'is-generator-fn': [ '2.1.0' ],
26 silly audit   'is-glob': [ '4.0.3' ],
26 silly audit   'is-number': [ '7.0.0' ],
26 silly audit   'is-plain-object': [ '5.0.0' ],
26 silly audit   'is-promise': [ '4.0.0' ],
26 silly audit   'is-stream': [ '2.0.1' ],
26 silly audit   isarray: [ '1.0.0' ],
26 silly audit   isexe: [ '2.0.0' ],
26 silly audit   'istanbul-lib-coverage': [ '3.2.2' ],
26 silly audit   'istanbul-lib-report': [ '3.0.1' ],
26 silly audit   'make-dir': [ '4.0.0', '3.1.0' ],
26 silly audit   'istanbul-lib-source-maps': [ '4.0.1' ],
26 silly audit   'istanbul-reports': [ '3.1.7' ],
26 silly audit   iterare: [ '1.2.1' ],
26 silly audit   jake: [ '10.9.2' ],
26 silly audit   jest: [ '29.7.0' ],
26 silly audit   'jest-changed-files': [ '29.7.0' ],
26 silly audit   'jest-circus': [ '29.7.0' ],
26 silly audit   'jest-cli': [ '29.7.0' ],
26 silly audit   'jest-config': [ '29.7.0' ],
26 silly audit   'jest-diff': [ '29.7.0' ],
26 silly audit   'jest-docblock': [ '29.7.0' ],
26 silly audit   'jest-each': [ '29.7.0' ],
26 silly audit   'jest-environment-node': [ '29.7.0' ],
26 silly audit   'jest-get-type': [ '29.6.3' ],
26 silly audit   'jest-haste-map': [ '29.7.0' ],
26 silly audit   'jest-leak-detector': [ '29.7.0' ],
26 silly audit   'jest-matcher-utils': [ '29.7.0' ],
26 silly audit   'jest-message-util': [ '29.7.0' ],
26 silly audit   'jest-mock': [ '29.7.0' ],
26 silly audit   'jest-pnp-resolver': [ '1.2.3' ],
26 silly audit   'jest-regex-util': [ '29.6.3' ],
26 silly audit   'jest-resolve': [ '29.7.0' ],
26 silly audit   'jest-resolve-dependencies': [ '29.7.0' ],
26 silly audit   'jest-runner': [ '29.7.0' ],
26 silly audit   'jest-runtime': [ '29.7.0' ],
26 silly audit   'jest-snapshot': [ '29.7.0' ],
26 silly audit   'jest-util': [ '29.7.0' ],
26 silly audit   'jest-validate': [ '29.7.0' ],
26 silly audit   'jest-watcher': [ '29.7.0' ],
26 silly audit   'jest-worker': [ '29.7.0' ],
26 silly audit   'supports-color': [ '8.1.1', '5.5.0', '7.2.0' ],
26 silly audit   joi: [ '17.13.3' ],
26 silly audit   'jpeg-exif': [ '1.1.4' ],
26 silly audit   'js-tokens': [ '4.0.0' ],
26 silly audit   jsesc: [ '3.1.0' ],
26 silly audit   'json-buffer': [ '3.0.1' ],
26 silly audit   'json-parse-even-better-errors': [ '2.3.1' ],
26 silly audit   'json-schema-traverse': [ '0.4.1' ],
26 silly audit   'json-stable-stringify-without-jsonify': [ '1.0.1' ],
26 silly audit   json5: [ '2.2.3' ],
26 silly audit   jsonwebtoken: [ '9.0.2' ],
26 silly audit   jszip: [ '3.10.1' ],
26 silly audit   jwa: [ '1.4.1' ],
26 silly audit   jws: [ '3.2.2' ],
26 silly audit   kareem: [ '2.6.3' ],
26 silly audit   keyv: [ '4.5.4' ],
26 silly audit   kleur: [ '3.0.3' ],
26 silly audit   lazystream: [ '1.0.1' ],
26 silly audit   leven: [ '3.1.0' ],
26 silly audit   levn: [ '0.4.1' ],
26 silly audit   'libphonenumber-js': [ '1.11.19' ],
26 silly audit   lie: [ '3.3.0' ],
26 silly audit   linebreak: [ '1.1.0' ],
26 silly audit   'lines-and-columns': [ '1.2.4' ],
26 silly audit   listenercount: [ '1.0.1' ],
26 silly audit   lodash: [ '4.17.21' ],
26 silly audit   'lodash.defaults': [ '4.2.0' ],
26 silly audit   'lodash.difference': [ '4.5.0' ],
26 silly audit   'lodash.escaperegexp': [ '4.1.2' ],
26 silly audit   'lodash.flatten': [ '4.4.0' ],
26 silly audit   'lodash.groupby': [ '4.6.0' ],
26 silly audit   'lodash.includes': [ '4.3.0' ],
26 silly audit   'lodash.isarguments': [ '3.1.0' ],
26 silly audit   'lodash.isboolean': [ '3.0.3' ],
26 silly audit   'lodash.isequal': [ '4.5.0' ],
26 silly audit   'lodash.isfunction': [ '3.0.9' ],
26 silly audit   'lodash.isinteger': [ '4.0.4' ],
26 silly audit   'lodash.isnil': [ '4.0.0' ],
26 silly audit   'lodash.isnumber': [ '3.0.3' ],
26 silly audit   'lodash.isplainobject': [ '4.0.6' ],
26 silly audit   'lodash.isstring': [ '4.0.1' ],
26 silly audit   'lodash.isundefined': [ '3.0.1' ],
26 silly audit   'lodash.memoize': [ '4.1.2' ],
26 silly audit   'lodash.merge': [ '4.6.2' ],
26 silly audit   'lodash.once': [ '4.1.1' ],
26 silly audit   'lodash.union': [ '4.6.0' ],
26 silly audit   'lodash.uniq': [ '4.5.0' ],
26 silly audit   'lru-cache': [ '5.1.1' ],
26 silly audit   yallist: [ '3.1.1', '4.0.0' ],
26 silly audit   luxon: [ '3.5.0' ],
26 silly audit   'make-error': [ '1.3.6' ],
26 silly audit   makeerror: [ '1.0.12' ],
26 silly audit   'math-intrinsics': [ '1.1.0' ],
26 silly audit   'media-typer': [ '1.1.0', '0.3.0' ],
26 silly audit   'memory-pager': [ '1.5.0' ],
26 silly audit   'merge-descriptors': [ '2.0.0' ],
26 silly audit   'merge-stream': [ '2.0.0' ],
26 silly audit   merge2: [ '1.4.1' ],
26 silly audit   methods: [ '1.1.2' ],
26 silly audit   micromatch: [ '4.0.8' ],
26 silly audit   'mime-db': [ '1.53.0', '1.52.0' ],
26 silly audit   'mime-types': [ '3.0.0', '2.1.35' ],
26 silly audit   'mimic-fn': [ '2.1.0' ],
26 silly audit   minimist: [ '1.2.8' ],
26 silly audit   minizlib: [ '2.1.2' ],
26 silly audit   mkdirp: [ '0.5.6', '1.0.4' ],
26 silly audit   mongodb: [ '6.13.0' ],
26 silly audit   'mongodb-connection-string-url': [ '3.0.2' ],
26 silly audit   mongoose: [ '8.10.0' ],
26 silly audit   mpath: [ '0.9.0' ],
26 silly audit   mquery: [ '5.0.0' ],
26 silly audit   msgpackr: [ '1.11.2' ],
26 silly audit   'msgpackr-extract': [ '3.0.3' ],
26 silly audit   multer: [ '1.4.5-lts.1' ],
26 silly audit   'type-is': [ '1.6.18', '2.0.0' ],
26 silly audit   nanoid: [ '3.3.8' ],
26 silly audit   'natural-compare': [ '1.4.0' ],
26 silly audit   'neo-async': [ '2.6.2' ],
26 silly audit   'node-addon-api': [ '5.1.0' ],
26 silly audit   'node-fetch': [ '2.7.0' ],
26 silly audit   tr46: [ '0.0.3', '5.0.0' ],
26 silly audit   'webidl-conversions': [ '3.0.1', '7.0.0' ],
26 silly audit   'whatwg-url': [ '5.0.0', '14.1.1' ],
26 silly audit   'node-gyp-build-optional-packages': [ '5.2.2' ],
26 silly audit   'node-int64': [ '0.4.0' ],
26 silly audit   'node-releases': [ '2.0.19' ],
26 silly audit   nodemailer: [ '6.10.0' ],
26 silly audit   nodemon: [ '3.1.9' ],
26 silly audit   nopt: [ '5.0.0' ],
26 silly audit   'normalize-path': [ '3.0.0' ],
26 silly audit   'npm-run-path': [ '4.0.1' ],
26 silly audit   npmlog: [ '5.0.1' ],
26 silly audit   'object-assign': [ '4.1.1' ],
26 silly audit   'object-inspect': [ '1.13.4' ],
26 silly audit   'on-finished': [ '2.4.1' ],
26 silly audit   'on-headers': [ '1.0.2' ],
26 silly audit   once: [ '1.4.0' ],
26 silly audit   onetime: [ '5.1.2' ],
26 silly audit   optionator: [ '0.9.4' ],
26 silly audit   'p-try': [ '2.2.0' ],
26 silly audit   pako: [ '1.0.11', '0.2.9' ],
26 silly audit   'parent-module': [ '1.0.1' ],
26 silly audit   'parse-json': [ '5.2.0' ],
26 silly audit   'parse-srcset': [ '1.0.2' ],
26 silly audit   parseurl: [ '1.3.3' ],
26 silly audit   passport: [ '0.7.0' ],
26 silly audit   'passport-jwt': [ '4.0.1' ],
26 silly audit   'passport-strategy': [ '1.0.0' ],
26 silly audit   path: [ '0.12.7' ],
26 silly audit   'path-exists': [ '4.0.0' ],
26 silly audit   'path-is-absolute': [ '1.0.1' ],
26 silly audit   'path-key': [ '3.1.1' ],
26 silly audit   'path-parse': [ '1.0.7' ],
26 silly audit   'path-to-regexp': [ '8.2.0' ],
26 silly audit   pause: [ '0.0.1' ],
26 silly audit   pdfkit: [ '0.16.0' ],
26 silly audit   picocolors: [ '1.1.1' ],
26 silly audit   picomatch: [ '2.3.1' ],
26 silly audit   pirates: [ '4.0.6' ],
26 silly audit   'pkg-dir': [ '4.2.0' ],
26 silly audit   'png-js': [ '1.0.0' ],
26 silly audit   'postal-codes-js': [ '2.5.2' ],
26 silly audit   postcss: [ '8.5.2' ],
26 silly audit   'prelude-ls': [ '1.2.1' ],
26 silly audit   prettier: [ '3.5.0' ],
26 silly audit   'pretty-format': [ '29.7.0' ],
26 silly audit   process: [ '0.11.10' ],
26 silly audit   'process-nextick-args': [ '2.0.1' ],
26 silly audit   prompts: [ '2.4.2' ],
26 silly audit   'proxy-addr': [ '2.0.7' ],
26 silly audit   'pstree.remy': [ '1.1.8' ],
26 silly audit   punycode: [ '2.3.1' ],
26 silly audit   'pure-rand': [ '6.1.0' ],
26 silly audit   'queue-microtask': [ '1.2.3' ],
26 silly audit   'range-parser': [ '1.2.1' ],
26 silly audit   'raw-body': [ '3.0.0' ],
26 silly audit   'react-is': [ '18.3.1' ],
26 silly audit   'readdir-glob': [ '1.1.3' ],
26 silly audit   readdirp: [ '3.6.0' ],
26 silly audit   'redis-errors': [ '1.2.0' ],
26 silly audit   'redis-parser': [ '3.0.0' ],
26 silly audit   'reflect-metadata': [ '0.2.2' ],
26 silly audit   'require-directory': [ '2.1.1' ],
26 silly audit   resolve: [ '1.22.10' ],
26 silly audit   'resolve-cwd': [ '3.0.0' ],
26 silly audit   'resolve.exports': [ '2.0.3' ],
26 silly audit   restructure: [ '3.0.2' ],
26 silly audit   reusify: [ '1.0.4' ],
26 silly audit   router: [ '2.1.0' ],
26 silly audit   'run-parallel': [ '1.2.0' ],
26 silly audit   rxjs: [ '7.8.1' ],
26 silly audit   'safer-buffer': [ '2.1.2' ],
26 silly audit   'sanitize-html': [ '2.14.0' ],
26 silly audit   saxes: [ '5.0.1' ],
26 silly audit   send: [ '1.1.0' ],
26 silly audit   'serve-static': [ '2.1.0' ],
26 silly audit   'set-blocking': [ '2.0.0' ],
26 silly audit   setimmediate: [ '1.0.5' ],
26 silly audit   setprototypeof: [ '1.2.0' ],
26 silly audit   'shebang-command': [ '2.0.0' ],
26 silly audit   'shebang-regex': [ '3.0.0' ],
26 silly audit   'side-channel': [ '1.1.0' ],
26 silly audit   'side-channel-list': [ '1.0.0' ],
26 silly audit   'side-channel-map': [ '1.0.1' ],
26 silly audit   'side-channel-weakmap': [ '1.0.2' ],
26 silly audit   sift: [ '17.1.3' ],
26 silly audit   'signal-exit': [ '3.0.7' ],
26 silly audit   'simple-update-notifier': [ '2.0.0' ],
26 silly audit   sisteransi: [ '1.0.5' ],
26 silly audit   slash: [ '3.0.0' ],
26 silly audit   'source-map': [ '0.6.1' ],
26 silly audit   'source-map-js': [ '1.2.1' ],
26 silly audit   'source-map-support': [ '0.5.13' ],
26 silly audit   'sparse-bitfield': [ '3.0.3' ],
26 silly audit   'sprintf-js': [ '1.0.3' ],
26 silly audit   'stack-utils': [ '2.0.6' ],
26 silly audit   'standard-as-callback': [ '2.1.0' ],
26 silly audit   statuses: [ '2.0.1' ],
26 silly audit   streamsearch: [ '1.1.0' ],
26 silly audit   'string-length': [ '4.0.2' ],
26 silly audit   'string-width': [ '4.2.3' ],
26 silly audit   'strip-ansi': [ '6.0.1' ],
26 silly audit   'strip-bom': [ '4.0.0', '3.0.0' ],
26 silly audit   'strip-final-newline': [ '2.0.0' ],
26 silly audit   'strip-json-comments': [ '3.1.1', '2.0.1' ],
26 silly audit   strnum: [ '1.0.5' ],
26 silly audit   'supports-preserve-symlinks-flag': [ '1.0.0' ],
26 silly audit   'swagger-ui-dist': [ '5.18.2' ],
26 silly audit   tar: [ '6.2.1' ],
26 silly audit   'tar-stream': [ '2.2.0' ],
26 silly audit   'test-exclude': [ '6.0.0' ],
26 silly audit   'tiny-inflate': [ '1.0.3' ],
26 silly audit   tmp: [ '0.2.3' ],
26 silly audit   tmpl: [ '1.0.5' ],
26 silly audit   'to-regex-range': [ '5.0.1' ],
26 silly audit   toidentifier: [ '1.0.1' ],
26 silly audit   touch: [ '3.1.1' ],
26 silly audit   traverse: [ '0.3.9' ],
26 silly audit   'tree-kill': [ '1.2.2' ],
26 silly audit   'ts-api-utils': [ '2.0.1' ],
26 silly audit   'ts-jest': [ '29.2.5' ],
26 silly audit   'ts-node': [ '10.9.2' ],
26 silly audit   'ts-node-dev': [ '2.0.0' ],
26 silly audit   tsconfig: [ '7.0.0' ],
26 silly audit   tslib: [ '2.8.1' ],
26 silly audit   'type-check': [ '0.4.0' ],
26 silly audit   'type-detect': [ '4.0.8' ],
26 silly audit   'type-fest': [ '0.21.3' ],
26 silly audit   typedarray: [ '0.0.6' ],
26 silly audit   typescript: [ '5.7.3' ],
26 silly audit   'uglify-js': [ '3.19.3' ],
26 silly audit   uid: [ '2.0.2' ],
26 silly audit   undefsafe: [ '2.0.5' ],
26 silly audit   'undici-types': [ '6.20.0' ],
26 silly audit   'unicode-properties': [ '1.4.1' ],
26 silly audit   'unicode-trie': [ '2.0.0' ],
26 silly audit   unpipe: [ '1.0.0' ],
26 silly audit   unzipper: [ '0.10.14' ],
26 silly audit   'update-browserslist-db': [ '1.1.2' ],
26 silly audit   'uri-js': [ '4.4.1' ],
26 silly audit   util: [ '0.10.4' ],
26 silly audit   'util-deprecate': [ '1.0.2' ],
26 silly audit   'utils-merge': [ '1.0.1' ],
26 silly audit   'v8-compile-cache-lib': [ '3.0.1' ],
26 silly audit   'v8-to-istanbul': [ '9.3.0' ],
26 silly audit   validator: [ '13.12.0' ],
26 silly audit   vary: [ '1.1.2' ],
26 silly audit   walker: [ '1.0.8' ],
26 silly audit   which: [ '2.0.2' ],
26 silly audit   'wide-align': [ '1.1.5' ],
26 silly audit   'word-wrap': [ '1.2.5' ],
26 silly audit   wordwrap: [ '1.0.0' ],
26 silly audit   'wrap-ansi': [ '7.0.0' ],
26 silly audit   wrappy: [ '1.0.2' ],
26 silly audit   'write-file-atomic': [ '4.0.2' ],
26 silly audit   xmlchars: [ '2.2.0' ],
26 silly audit   xtend: [ '4.0.2' ],
26 silly audit   y18n: [ '5.0.8' ],
26 silly audit   yargs: [ '17.7.2' ],
26 silly audit   'yargs-parser': [ '21.1.1' ],
26 silly audit   yn: [ '3.1.1' ],
26 silly audit   'yocto-queue': [ '0.1.0' ],
26 silly audit   'zip-stream': [ '4.1.1' ],
26 silly audit   'class-transformer': [ '0.5.1' ],
26 silly audit   'class-validator': [ '0.14.1' ]
26 silly audit }
27 verbose reify failed optional dependency C:\Users\hanum\OneDrive\Desktop\recruitment\node_modules\fsevents
28 silly reify mark deleted [
28 silly reify   'C:\\Users\\hanum\\OneDrive\\Desktop\\recruitment\\node_modules\\fsevents'
28 silly reify ]
29 verbose reify failed optional dependency C:\Users\hanum\OneDrive\Desktop\recruitment\node_modules\@msgpackr-extract\msgpackr-extract-linux-x64
30 silly reify mark deleted [
30 silly reify   'C:\\Users\\hanum\\OneDrive\\Desktop\\recruitment\\node_modules\\@msgpackr-extract\\msgpackr-extract-linux-x64'
30 silly reify ]
31 verbose reify failed optional dependency C:\Users\hanum\OneDrive\Desktop\recruitment\node_modules\@msgpackr-extract\msgpackr-extract-linux-arm64
32 silly reify mark deleted [
32 silly reify   'C:\\Users\\hanum\\OneDrive\\Desktop\\recruitment\\node_modules\\@msgpackr-extract\\msgpackr-extract-linux-arm64'
32 silly reify ]
33 verbose reify failed optional dependency C:\Users\hanum\OneDrive\Desktop\recruitment\node_modules\@msgpackr-extract\msgpackr-extract-linux-arm
34 silly reify mark deleted [
34 silly reify   'C:\\Users\\hanum\\OneDrive\\Desktop\\recruitment\\node_modules\\@msgpackr-extract\\msgpackr-extract-linux-arm'
34 silly reify ]
35 verbose reify failed optional dependency C:\Users\hanum\OneDrive\Desktop\recruitment\node_modules\@msgpackr-extract\msgpackr-extract-darwin-x64
36 silly reify mark deleted [
36 silly reify   'C:\\Users\\hanum\\OneDrive\\Desktop\\recruitment\\node_modules\\@msgpackr-extract\\msgpackr-extract-darwin-x64'
36 silly reify ]
37 verbose reify failed optional dependency C:\Users\hanum\OneDrive\Desktop\recruitment\node_modules\@msgpackr-extract\msgpackr-extract-darwin-arm64
38 silly reify mark deleted [
38 silly reify   'C:\\Users\\hanum\\OneDrive\\Desktop\\recruitment\\node_modules\\@msgpackr-extract\\msgpackr-extract-darwin-arm64'
38 silly reify ]
39 http fetch POST 200 https://registry.npmjs.org/-/npm/v1/security/advisories/bulk 332ms
40 silly audit report {}
41 silly ADD
42 silly ADD
43 silly ADD
44 silly ADD
45 silly ADD
46 silly ADD
47 verbose cwd C:\Users\hanum\OneDrive\Desktop\recruitment
48 verbose os Windows_NT 10.0.26100
49 verbose node v22.12.0
50 verbose npm  v11.1.0
51 verbose exit 0
52 info ok
